<?xml version="1.0" encoding="UTF-8"?>
<!-- Generated by org.testng.reporters.JUnitXMLReporter -->
<testsuite hostname="Sahils-MacBook-Pro.local" name="Stories" tests="9" failures="4" timestamp="17 Jul 2016 19:40:41 GMT" time="170.911" errors="0">
  <testcase name="testVerifyInterfaceCapacityPage on [VerifyInterfaceCapacityPage passed=0 failed=0 skipped=0]" time="10.78" classname="com.liveaction.selenium.testCase.VerifyInterfaceCapacityPage"/>
  <testcase name="test_verifyInterfaceCapacityChart on [VerifyInterfaceCapacityPage passed=0 failed=0 skipped=0]" time="4.363" classname="com.liveaction.selenium.testCase.VerifyInterfaceCapacityPage">
    <failure type="java.lang.AssertionError" message="Verify Top Interface Chart expected [true] but found [false]">
      <![CDATA[java.lang.AssertionError: Verify Top Interface Chart expected [true] but found [false]
	at com.liveaction.selenium.testCase.VerifyInterfaceCapacityPage.test_verifyInterfaceCapacityChart(VerifyInterfaceCapacityPage.java:62)
	at java.util.concurrent.FutureTask.run(FutureTask.java:266)
	at java.util.concurrent.ThreadPoolExecutor.runWorker(ThreadPoolExecutor.java:1142)
	at java.util.concurrent.ThreadPoolExecutor$Worker.run(ThreadPoolExecutor.java:617)
	at java.lang.Thread.run(Thread.java:745)
... Removed 19 stack frames]]>
    </failure>
  </testcase> <!-- test_verifyInterfaceCapacityChart on [VerifyInterfaceCapacityPage passed=0 failed=0 skipped=0] -->
  <testcase name="test_verifyInterfaceCapacityChartExportFunctionality on [VerifyInterfaceCapacityPage passed=0 failed=0 skipped=0]" time="25.938" classname="com.liveaction.selenium.testCase.VerifyInterfaceCapacityPage"/>
  <testcase name="test_verifyInterfaceCapacityExportCSVFunctionality on [VerifyInterfaceCapacityPage passed=0 failed=0 skipped=0]" time="59.695" classname="com.liveaction.selenium.testCase.VerifyInterfaceCapacityPage"/>
  <testcase name="test_verifyInterfaceCapacityTableData on [VerifyInterfaceCapacityPage passed=0 failed=0 skipped=0]" time="4.175" classname="com.liveaction.selenium.testCase.VerifyInterfaceCapacityPage"/>
  <testcase name="test_verifyInterfaceCapacityTablesHeader on [VerifyInterfaceCapacityPage passed=0 failed=0 skipped=0]" time="5.136" classname="com.liveaction.selenium.testCase.VerifyInterfaceCapacityPage"/>
  <testcase name="test_verifyInterfaceFilterFunctionality on [VerifyInterfaceCapacityPage passed=0 failed=0 skipped=0]" time="9.467" classname="com.liveaction.selenium.testCase.VerifyInterfaceCapacityPage">
    <failure type="java.lang.AssertionError" message="Verify Top Interface Chart expected [true] but found [false]">
      <![CDATA[java.lang.AssertionError: Verify Top Interface Chart expected [true] but found [false]
	at com.liveaction.selenium.testCase.VerifyInterfaceCapacityPage.test_verifyInterfaceFilterFunctionality(VerifyInterfaceCapacityPage.java:161)
	at java.util.concurrent.FutureTask.run(FutureTask.java:266)
	at java.util.concurrent.ThreadPoolExecutor.runWorker(ThreadPoolExecutor.java:1142)
	at java.util.concurrent.ThreadPoolExecutor$Worker.run(ThreadPoolExecutor.java:617)
	at java.lang.Thread.run(Thread.java:745)
... Removed 19 stack frames]]>
    </failure>
  </testcase> <!-- test_verifyInterfaceFilterFunctionality on [VerifyInterfaceCapacityPage passed=0 failed=0 skipped=0] -->
  <testcase name="test_verifyInterfaceFilterFunctionality on [VerifyInterfaceCapacityPage passed=0 failed=0 skipped=0]" time="0.046" classname="com.liveaction.selenium.testCase.VerifyInterfaceCapacityPage">
    <failure type="org.openqa.selenium.WebDriverException" message="unknown error: Element is not clickable at point (656, 38). Other element would receive the click: &amp;lt;div class=&amp;quot;modal-header&amp;quot;&amp;gt;...&amp;lt;/div&amp;gt;
  (Session info: chrome=51.0.2704.103)
  (Driver info: chromedriver=2.9.248307,platform=Mac OS X 10.11.4 x86_64) (WARNING: The server did not provide any stacktrace information)
Command duration or timeout: 24 milliseconds
Build info: version: &amp;apos;2.53.1&amp;apos;, revision: &amp;apos;a36b8b1cd5757287168e54b817830adce9b0158d&amp;apos;, time: &amp;apos;2016-06-30 19:26:09&amp;apos;
System info: host: &amp;apos;Sahils-MacBook-Pro.local&amp;apos;, ip: &amp;apos;10.0.0.4&amp;apos;, os.name: &amp;apos;Mac OS X&amp;apos;, os.arch: &amp;apos;x86_64&amp;apos;, os.version: &amp;apos;10.11.4&amp;apos;, java.version: &amp;apos;1.8.0_92&amp;apos;
Driver info: org.openqa.selenium.chrome.ChromeDriver
Capabilities [{applicationCacheEnabled=false, rotatable=false, chrome={userDataDir=/var/folders/_h/cmqynwc560dd6s1vt1ndmnp40000gn/T/.org.chromium.Chromium.t2gO1T}, takesHeapSnapshot=true, databaseEnabled=false, handlesAlerts=true, version=51.0.2704.103, platform=MAC, browserConnectionEnabled=false, nativeEvents=true, acceptSslCerts=true, locationContextEnabled=true, webStorageEnabled=true, browserName=chrome, takesScreenshot=true, javascriptEnabled=true, cssSelectorsEnabled=true}]
Session ID: c490d74598464d5f300def719df28f3b">
      <![CDATA[org.openqa.selenium.WebDriverException: unknown error: Element is not clickable at point (656, 38). Other element would receive the click: <div class="modal-header">...</div>
  (Session info: chrome=51.0.2704.103)
  (Driver info: chromedriver=2.9.248307,platform=Mac OS X 10.11.4 x86_64) (WARNING: The server did not provide any stacktrace information)
Command duration or timeout: 24 milliseconds
Build info: version: '2.53.1', revision: 'a36b8b1cd5757287168e54b817830adce9b0158d', time: '2016-06-30 19:26:09'
System info: host: 'Sahils-MacBook-Pro.local', ip: '10.0.0.4', os.name: 'Mac OS X', os.arch: 'x86_64', os.version: '10.11.4', java.version: '1.8.0_92'
Driver info: org.openqa.selenium.chrome.ChromeDriver
Capabilities [{applicationCacheEnabled=false, rotatable=false, chrome={userDataDir=/var/folders/_h/cmqynwc560dd6s1vt1ndmnp40000gn/T/.org.chromium.Chromium.t2gO1T}, takesHeapSnapshot=true, databaseEnabled=false, handlesAlerts=true, version=51.0.2704.103, platform=MAC, browserConnectionEnabled=false, nativeEvents=true, acceptSslCerts=true, locationContextEnabled=true, webStorageEnabled=true, browserName=chrome, takesScreenshot=true, javascriptEnabled=true, cssSelectorsEnabled=true}]
Session ID: c490d74598464d5f300def719df28f3b
	at org.openqa.selenium.remote.ErrorHandler.createThrowable(ErrorHandler.java:206)
	at org.openqa.selenium.remote.ErrorHandler.throwIfResponseFailed(ErrorHandler.java:158)
	at org.openqa.selenium.remote.RemoteWebDriver.execute(RemoteWebDriver.java:678)
	at org.openqa.selenium.remote.RemoteWebElement.execute(RemoteWebElement.java:327)
	at org.openqa.selenium.remote.RemoteWebElement.click(RemoteWebElement.java:85)
	at org.openqa.selenium.support.pagefactory.internal.LocatingElementHandler.invoke(LocatingElementHandler.java:51)
	at com.sun.proxy.$Proxy19.click(Unknown Source)
	at com.liveaction.selenium.framework.BasePageObject.click(BasePageObject.java:75)
	at com.liveaction.selenium.pageObject.NavBarPageObject.clickOnstoriesLink(NavBarPageObject.java:119)
	at com.liveaction.selenium.testCase.VerifyInterfaceCapacityPage.test_verifyInterfaceFilterFunctionality(VerifyInterfaceCapacityPage.java:144)
	at java.util.concurrent.FutureTask.run(FutureTask.java:266)
	at java.util.concurrent.ThreadPoolExecutor.runWorker(ThreadPoolExecutor.java:1142)
	at java.util.concurrent.ThreadPoolExecutor$Worker.run(ThreadPoolExecutor.java:617)
	at java.lang.Thread.run(Thread.java:745)
... Removed 23 stack frames]]>
    </failure>
  </testcase> <!-- test_verifyInterfaceFilterFunctionality on [VerifyInterfaceCapacityPage passed=0 failed=0 skipped=0] -->
  <testcase name="test_verifyInterfaceFilterFunctionality on [VerifyInterfaceCapacityPage passed=0 failed=0 skipped=0]" time="38.729" classname="com.liveaction.selenium.testCase.VerifyInterfaceCapacityPage">
    <failure type="java.lang.AssertionError" message="Verify Top Interface Chart expected [true] but found [false]">
      <![CDATA[java.lang.AssertionError: Verify Top Interface Chart expected [true] but found [false]
	at com.liveaction.selenium.testCase.VerifyInterfaceCapacityPage.test_verifyInterfaceFilterFunctionality(VerifyInterfaceCapacityPage.java:161)
	at java.util.concurrent.FutureTask.run(FutureTask.java:266)
	at java.util.concurrent.ThreadPoolExecutor.runWorker(ThreadPoolExecutor.java:1142)
	at java.util.concurrent.ThreadPoolExecutor$Worker.run(ThreadPoolExecutor.java:617)
	at java.lang.Thread.run(Thread.java:745)
... Removed 19 stack frames]]>
    </failure>
  </testcase> <!-- test_verifyInterfaceFilterFunctionality on [VerifyInterfaceCapacityPage passed=0 failed=0 skipped=0] -->
</testsuite> <!-- Stories -->
