<?xml version="1.0" encoding="UTF-8"?>
<testng-results skipped="0" failed="0" total="1" passed="1">
  <reporter-output>
    <line>
      <![CDATA[Step 1- Sites linking in is larger than 100,000.]]>
    </line>
    <line>
      <![CDATA[Step 2- At least 5% of visitors are from Australia.]]>
    </line>
    <line>
      <![CDATA[Step 3- That there are 10 related links in the Related Links table.]]>
    </line>
    <line>
      <![CDATA[Step 4- All upgrade/upsell links lead to /plans (sometimes there will be additional URL params)]]>
    </line>
  </reporter-output>
  <suite name="Default suite" duration-ms="8066" started-at="2016-07-20T06:24:37Z" finished-at="2016-07-20T06:24:45Z">
    <groups>
      <group name="alexa">
        <method signature="TestAlexaSite.test_ALM82062_VerifyAlexa()[pri:0, instance:[TestAlexaSite passed=0 failed=0 skipped=0]]" name="test_ALM82062_VerifyAlexa" class="com.liveaction.selenium.testCase.homepage.TestAlexaSite"/>
      </group> <!-- alexa -->
    </groups>
    <test name="Default test" duration-ms="8066" started-at="2016-07-20T06:24:37Z" finished-at="2016-07-20T06:24:45Z">
      <class name="com.liveaction.selenium.testCase.homepage.TestAlexaSite">
        <test-method status="PASS" signature="beforeMethod()[pri:0, instance:[TestAlexaSite passed=0 failed=0 skipped=0]]" name="beforeMethod" is-config="true" duration-ms="2868" started-at="2016-07-19T23:24:37Z" finished-at="2016-07-19T23:24:40Z">
          <reporter-output>
          </reporter-output>
        </test-method> <!-- beforeMethod -->
        <test-method status="PASS" signature="test_ALM82062_VerifyAlexa()[pri:0, instance:[TestAlexaSite passed=0 failed=0 skipped=0]]" name="test_ALM82062_VerifyAlexa" duration-ms="5179" started-at="2016-07-19T23:24:40Z" description="Verify Alexa functionality" finished-at="2016-07-19T23:24:45Z">
          <reporter-output>
            <line>
              <![CDATA[Step 1- Sites linking in is larger than 100,000.]]>
            </line>
            <line>
              <![CDATA[Step 2- At least 5% of visitors are from Australia.]]>
            </line>
            <line>
              <![CDATA[Step 3- That there are 10 related links in the Related Links table.]]>
            </line>
            <line>
              <![CDATA[Step 4- All upgrade/upsell links lead to /plans (sometimes there will be additional URL params)]]>
            </line>
          </reporter-output>
        </test-method> <!-- test_ALM82062_VerifyAlexa -->
        <test-method status="PASS" signature="afterTestClass()[pri:0, instance:[TestAlexaSite passed=0 failed=0 skipped=0]]" name="afterTestClass" is-config="true" duration-ms="0" started-at="2016-07-19T23:24:45Z" finished-at="2016-07-19T23:24:45Z">
          <reporter-output>
          </reporter-output>
        </test-method> <!-- afterTestClass -->
      </class> <!-- com.liveaction.selenium.testCase.homepage.TestAlexaSite -->
    </test> <!-- Default test -->
  </suite> <!-- Default suite -->
</testng-results>
